Traceback (most recent call last):
  File "C:\Users\Alejandro\Desktop\Electro-Isla\backend\manage.py", line 22, in <module>
    main()
    ~~~~^^
  File "C:\Users\Alejandro\Desktop\Electro-Isla\backend\manage.py", line 18, in main
    execute_from_command_line(sys.argv)
    ~~~~~~~~~~~~~~~~~~~~~~~~~^^^^^^^^^^
  File "C:\Users\Alejandro\AppData\Local\Programs\Python\Python313\Lib\site-packages\django\core\management\__init__.py", line 442, in execute_from_command_line
    utility.execute()
    ~~~~~~~~~~~~~~~^^
  File "C:\Users\Alejandro\AppData\Local\Programs\Python\Python313\Lib\site-packages\django\core\management\__init__.py", line 436, in execute
    self.fetch_command(subcommand).run_from_argv(self.argv)
    ~~~~~~~~~~~~~~~~~~~~~~~~~~~~~~~~~~~~~~~~~~~~^^^^^^^^^^^
  File "C:\Users\Alejandro\AppData\Local\Programs\Python\Python313\Lib\site-packages\django\core\management\base.py", line 412, in run_from_argv
    self.execute(*args, **cmd_options)
    ~~~~~~~~~~~~^^^^^^^^^^^^^^^^^^^^^^
  File "C:\Users\Alejandro\AppData\Local\Programs\Python\Python313\Lib\site-packages\django\core\management\base.py", line 458, in execute
    output = self.handle(*args, **options)
  File "C:\Users\Alejandro\Desktop\Electro-Isla\backend\api\management\commands\limpiar_tokens.py", line 14, in handle
    self.stdout.write('\U0001f9f9 Iniciando limpieza...')
    ~~~~~~~~~~~~~~~~~^^^^^^^^^^^^^^^^^^^^^^^^^^^^
  File "C:\Users\Alejandro\AppData\Local\Programs\Python\Python313\Lib\site-packages\django\core\management\base.py", line 180, in write
    self._out.write(style_func(msg))
    ~~~~~~~~~~~~~~~^^^^^^^^^^^^^^^^^
  File "C:\Users\Alejandro\AppData\Local\Programs\Python\Python313\Lib\site-packages\colorama\ansitowin32.py", line 47, in write
    self.__convertor.write(text)
    ~~~~~~~~~~~~~~~~~~~~~~^^^^^^
  File "C:\Users\Alejandro\AppData\Local\Programs\Python\Python313\Lib\site-packages\colorama\ansitowin32.py", line 177, in write
    self.write_and_convert(text)
    ~~~~~~~~~~~~~~~~~~~~~~^^^^^^
  File "C:\Users\Alejandro\AppData\Local\Programs\Python\Python313\Lib\site-packages\colorama\ansitowin32.py", line 205, in write_and_convert
    self.write_plain_text(text, cursor, len(text))
    ~~~~~~~~~~~~~~~~~~~~~^^^^^^^^^^^^^^^^^^^^^^^^^
  File "C:\Users\Alejandro\AppData\Local\Programs\Python\Python313\Lib\site-packages\colorama\ansitowin32.py", line 210, in write_plain_text
    self.wrapped.write(text[start:end])
    ~~~~~~~~~~~~~~~~~~^^^^^^^^^^^^^^^^^
  File "C:\Users\Alejandro\AppData\Local\Programs\Python\Python313\Lib\encodings\cp1252.py", line 19, in encode
    return codecs.charmap_encode(input,self.errors,encoding_table)[0]
           ~~~~~~~~~~~~~~~~~~~~~^^^^^^^^^^^^^^^^^^^^^^^^^^^^^^^^^^
UnicodeEncodeError: 'charmap' codec can't encode character '\U0001f9f9' in position 0: character maps to <undefined>
Traceback (most recent call last):
  File "C:\Users\Alejandro\Desktop\Electro-Isla\backend\manage.py", line 22, in <module>
    main()
    ~~~~^^
  File "C:\Users\Alejandro\Desktop\Electro-Isla\backend\manage.py", line 18, in main
    execute_from_command_line(sys.argv)
    ~~~~~~~~~~~~~~~~~~~~~~~~~^^^^^^^^^^
  File "C:\Users\Alejandro\AppData\Local\Programs\Python\Python313\Lib\site-packages\django\core\management\__init__.py", line 442, in execute_from_command_line
    utility.execute()
    ~~~~~~~~~~~~~~~^^
  File "C:\Users\Alejandro\AppData\Local\Programs\Python\Python313\Lib\site-packages\django\core\management\__init__.py", line 436, in execute
    self.fetch_command(subcommand).run_from_argv(self.argv)
    ~~~~~~~~~~~~~~~~~~~~~~~~~~~~~~~~~~~~~~~~~~~~^^^^^^^^^^^
  File "C:\Users\Alejandro\AppData\Local\Programs\Python\Python313\Lib\site-packages\django\core\management\base.py", line 412, in run_from_argv
    self.execute(*args, **cmd_options)
    ~~~~~~~~~~~~^^^^^^^^^^^^^^^^^^^^^^
  File "C:\Users\Alejandro\AppData\Local\Programs\Python\Python313\Lib\site-packages\django\core\management\base.py", line 458, in execute
    output = self.handle(*args, **options)
  File "C:\Users\Alejandro\Desktop\Electro-Isla\backend\api\management\commands\limpiar_tokens.py", line 14, in handle
    self.stdout.write('\U0001f9f9 Iniciando limpieza...')
    ~~~~~~~~~~~~~~~~~^^^^^^^^^^^^^^^^^^^^^^^^^^^^
  File "C:\Users\Alejandro\AppData\Local\Programs\Python\Python313\Lib\site-packages\django\core\management\base.py", line 180, in write
    self._out.write(style_func(msg))
    ~~~~~~~~~~~~~~~^^^^^^^^^^^^^^^^^
  File "C:\Users\Alejandro\AppData\Local\Programs\Python\Python313\Lib\site-packages\colorama\ansitowin32.py", line 47, in write
    self.__convertor.write(text)
    ~~~~~~~~~~~~~~~~~~~~~~^^^^^^
  File "C:\Users\Alejandro\AppData\Local\Programs\Python\Python313\Lib\site-packages\colorama\ansitowin32.py", line 177, in write
    self.write_and_convert(text)
    ~~~~~~~~~~~~~~~~~~~~~~^^^^^^
  File "C:\Users\Alejandro\AppData\Local\Programs\Python\Python313\Lib\site-packages\colorama\ansitowin32.py", line 205, in write_and_convert
    self.write_plain_text(text, cursor, len(text))
    ~~~~~~~~~~~~~~~~~~~~~^^^^^^^^^^^^^^^^^^^^^^^^^
  File "C:\Users\Alejandro\AppData\Local\Programs\Python\Python313\Lib\site-packages\colorama\ansitowin32.py", line 210, in write_plain_text
    self.wrapped.write(text[start:end])
    ~~~~~~~~~~~~~~~~~~^^^^^^^^^^^^^^^^^
  File "C:\Users\Alejandro\AppData\Local\Programs\Python\Python313\Lib\encodings\cp1252.py", line 19, in encode
    return codecs.charmap_encode(input,self.errors,encoding_table)[0]
           ~~~~~~~~~~~~~~~~~~~~~^^^^^^^^^^^^^^^^^^^^^^^^^^^^^^^^^^
UnicodeEncodeError: 'charmap' codec can't encode character '\U0001f9f9' in position 0: character maps to <undefined>
Traceback (most recent call last):
  File "C:\Users\Alejandro\Desktop\Electro-Isla\backend\manage.py", line 22, in <module>
    main()
    ~~~~^^
  File "C:\Users\Alejandro\Desktop\Electro-Isla\backend\manage.py", line 18, in main
    execute_from_command_line(sys.argv)
    ~~~~~~~~~~~~~~~~~~~~~~~~~^^^^^^^^^^
  File "C:\Users\Alejandro\AppData\Local\Programs\Python\Python313\Lib\site-packages\django\core\management\__init__.py", line 442, in execute_from_command_line
    utility.execute()
    ~~~~~~~~~~~~~~~^^
  File "C:\Users\Alejandro\AppData\Local\Programs\Python\Python313\Lib\site-packages\django\core\management\__init__.py", line 436, in execute
    self.fetch_command(subcommand).run_from_argv(self.argv)
    ~~~~~~~~~~~~~~~~~~~~~~~~~~~~~~~~~~~~~~~~~~~~^^^^^^^^^^^
  File "C:\Users\Alejandro\AppData\Local\Programs\Python\Python313\Lib\site-packages\django\core\management\base.py", line 412, in run_from_argv
    self.execute(*args, **cmd_options)
    ~~~~~~~~~~~~^^^^^^^^^^^^^^^^^^^^^^
  File "C:\Users\Alejandro\AppData\Local\Programs\Python\Python313\Lib\site-packages\django\core\management\base.py", line 458, in execute
    output = self.handle(*args, **options)
  File "C:\Users\Alejandro\Desktop\Electro-Isla\backend\api\management\commands\limpiar_tokens.py", line 14, in handle
    self.stdout.write('\U0001f9f9 Iniciando limpieza...')
    ~~~~~~~~~~~~~~~~~^^^^^^^^^^^^^^^^^^^^^^^^^^^^
  File "C:\Users\Alejandro\AppData\Local\Programs\Python\Python313\Lib\site-packages\django\core\management\base.py", line 180, in write
    self._out.write(style_func(msg))
    ~~~~~~~~~~~~~~~^^^^^^^^^^^^^^^^^
  File "C:\Users\Alejandro\AppData\Local\Programs\Python\Python313\Lib\site-packages\colorama\ansitowin32.py", line 47, in write
    self.__convertor.write(text)
    ~~~~~~~~~~~~~~~~~~~~~~^^^^^^
  File "C:\Users\Alejandro\AppData\Local\Programs\Python\Python313\Lib\site-packages\colorama\ansitowin32.py", line 177, in write
    self.write_and_convert(text)
    ~~~~~~~~~~~~~~~~~~~~~~^^^^^^
  File "C:\Users\Alejandro\AppData\Local\Programs\Python\Python313\Lib\site-packages\colorama\ansitowin32.py", line 205, in write_and_convert
    self.write_plain_text(text, cursor, len(text))
    ~~~~~~~~~~~~~~~~~~~~~^^^^^^^^^^^^^^^^^^^^^^^^^
  File "C:\Users\Alejandro\AppData\Local\Programs\Python\Python313\Lib\site-packages\colorama\ansitowin32.py", line 210, in write_plain_text
    self.wrapped.write(text[start:end])
    ~~~~~~~~~~~~~~~~~~^^^^^^^^^^^^^^^^^
  File "C:\Users\Alejandro\AppData\Local\Programs\Python\Python313\Lib\encodings\cp1252.py", line 19, in encode
    return codecs.charmap_encode(input,self.errors,encoding_table)[0]
           ~~~~~~~~~~~~~~~~~~~~~^^^^^^^^^^^^^^^^^^^^^^^^^^^^^^^^^^
UnicodeEncodeError: 'charmap' codec can't encode character '\U0001f9f9' in position 0: character maps to <undefined>
Traceback (most recent call last):
  File "C:\Users\Alejandro\Desktop\Electro-Isla\backend\manage.py", line 22, in <module>
    main()
    ~~~~^^
  File "C:\Users\Alejandro\Desktop\Electro-Isla\backend\manage.py", line 18, in main
    execute_from_command_line(sys.argv)
    ~~~~~~~~~~~~~~~~~~~~~~~~~^^^^^^^^^^
  File "C:\Users\Alejandro\AppData\Local\Programs\Python\Python313\Lib\site-packages\django\core\management\__init__.py", line 442, in execute_from_command_line
    utility.execute()
    ~~~~~~~~~~~~~~~^^
  File "C:\Users\Alejandro\AppData\Local\Programs\Python\Python313\Lib\site-packages\django\core\management\__init__.py", line 436, in execute
    self.fetch_command(subcommand).run_from_argv(self.argv)
    ~~~~~~~~~~~~~~~~~~~~~~~~~~~~~~~~~~~~~~~~~~~~^^^^^^^^^^^
  File "C:\Users\Alejandro\AppData\Local\Programs\Python\Python313\Lib\site-packages\django\core\management\base.py", line 412, in run_from_argv
    self.execute(*args, **cmd_options)
    ~~~~~~~~~~~~^^^^^^^^^^^^^^^^^^^^^^
  File "C:\Users\Alejandro\AppData\Local\Programs\Python\Python313\Lib\site-packages\django\core\management\base.py", line 458, in execute
    output = self.handle(*args, **options)
  File "C:\Users\Alejandro\Desktop\Electro-Isla\backend\api\management\commands\limpiar_tokens.py", line 14, in handle
    self.stdout.write('\U0001f9f9 Iniciando limpieza...')
    ~~~~~~~~~~~~~~~~~^^^^^^^^^^^^^^^^^^^^^^^^^^^^
  File "C:\Users\Alejandro\AppData\Local\Programs\Python\Python313\Lib\site-packages\django\core\management\base.py", line 180, in write
    self._out.write(style_func(msg))
    ~~~~~~~~~~~~~~~^^^^^^^^^^^^^^^^^
  File "C:\Users\Alejandro\AppData\Local\Programs\Python\Python313\Lib\site-packages\colorama\ansitowin32.py", line 47, in write
    self.__convertor.write(text)
    ~~~~~~~~~~~~~~~~~~~~~~^^^^^^
  File "C:\Users\Alejandro\AppData\Local\Programs\Python\Python313\Lib\site-packages\colorama\ansitowin32.py", line 177, in write
    self.write_and_convert(text)
    ~~~~~~~~~~~~~~~~~~~~~~^^^^^^
  File "C:\Users\Alejandro\AppData\Local\Programs\Python\Python313\Lib\site-packages\colorama\ansitowin32.py", line 205, in write_and_convert
    self.write_plain_text(text, cursor, len(text))
    ~~~~~~~~~~~~~~~~~~~~~^^^^^^^^^^^^^^^^^^^^^^^^^
  File "C:\Users\Alejandro\AppData\Local\Programs\Python\Python313\Lib\site-packages\colorama\ansitowin32.py", line 210, in write_plain_text
    self.wrapped.write(text[start:end])
    ~~~~~~~~~~~~~~~~~~^^^^^^^^^^^^^^^^^
  File "C:\Users\Alejandro\AppData\Local\Programs\Python\Python313\Lib\encodings\cp1252.py", line 19, in encode
    return codecs.charmap_encode(input,self.errors,encoding_table)[0]
           ~~~~~~~~~~~~~~~~~~~~~^^^^^^^^^^^^^^^^^^^^^^^^^^^^^^^^^^
UnicodeEncodeError: 'charmap' codec can't encode character '\U0001f9f9' in position 0: character maps to <undefined>
Traceback (most recent call last):
  File "C:\Users\Alejandro\Desktop\Electro-Isla\backend\manage.py", line 22, in <module>
    main()
    ~~~~^^
  File "C:\Users\Alejandro\Desktop\Electro-Isla\backend\manage.py", line 18, in main
    execute_from_command_line(sys.argv)
    ~~~~~~~~~~~~~~~~~~~~~~~~~^^^^^^^^^^
  File "C:\Users\Alejandro\AppData\Local\Programs\Python\Python313\Lib\site-packages\django\core\management\__init__.py", line 442, in execute_from_command_line
    utility.execute()
    ~~~~~~~~~~~~~~~^^
  File "C:\Users\Alejandro\AppData\Local\Programs\Python\Python313\Lib\site-packages\django\core\management\__init__.py", line 436, in execute
    self.fetch_command(subcommand).run_from_argv(self.argv)
    ~~~~~~~~~~~~~~~~~~~~~~~~~~~~~~~~~~~~~~~~~~~~^^^^^^^^^^^
  File "C:\Users\Alejandro\AppData\Local\Programs\Python\Python313\Lib\site-packages\django\core\management\base.py", line 412, in run_from_argv
    self.execute(*args, **cmd_options)
    ~~~~~~~~~~~~^^^^^^^^^^^^^^^^^^^^^^
  File "C:\Users\Alejandro\AppData\Local\Programs\Python\Python313\Lib\site-packages\django\core\management\base.py", line 458, in execute
    output = self.handle(*args, **options)
  File "C:\Users\Alejandro\Desktop\Electro-Isla\backend\api\management\commands\limpiar_tokens.py", line 14, in handle
    self.stdout.write('\U0001f9f9 Iniciando limpieza...')
    ~~~~~~~~~~~~~~~~~^^^^^^^^^^^^^^^^^^^^^^^^^^^^
  File "C:\Users\Alejandro\AppData\Local\Programs\Python\Python313\Lib\site-packages\django\core\management\base.py", line 180, in write
    self._out.write(style_func(msg))
    ~~~~~~~~~~~~~~~^^^^^^^^^^^^^^^^^
  File "C:\Users\Alejandro\AppData\Local\Programs\Python\Python313\Lib\site-packages\colorama\ansitowin32.py", line 47, in write
    self.__convertor.write(text)
    ~~~~~~~~~~~~~~~~~~~~~~^^^^^^
  File "C:\Users\Alejandro\AppData\Local\Programs\Python\Python313\Lib\site-packages\colorama\ansitowin32.py", line 177, in write
    self.write_and_convert(text)
    ~~~~~~~~~~~~~~~~~~~~~~^^^^^^
  File "C:\Users\Alejandro\AppData\Local\Programs\Python\Python313\Lib\site-packages\colorama\ansitowin32.py", line 205, in write_and_convert
    self.write_plain_text(text, cursor, len(text))
    ~~~~~~~~~~~~~~~~~~~~~^^^^^^^^^^^^^^^^^^^^^^^^^
  File "C:\Users\Alejandro\AppData\Local\Programs\Python\Python313\Lib\site-packages\colorama\ansitowin32.py", line 210, in write_plain_text
    self.wrapped.write(text[start:end])
    ~~~~~~~~~~~~~~~~~~^^^^^^^^^^^^^^^^^
  File "C:\Users\Alejandro\AppData\Local\Programs\Python\Python313\Lib\encodings\cp1252.py", line 19, in encode
    return codecs.charmap_encode(input,self.errors,encoding_table)[0]
           ~~~~~~~~~~~~~~~~~~~~~^^^^^^^^^^^^^^^^^^^^^^^^^^^^^^^^^^
UnicodeEncodeError: 'charmap' codec can't encode character '\U0001f9f9' in position 0: character maps to <undefined>
Traceback (most recent call last):
  File "C:\Users\Alejandro\Desktop\Electro-Isla\backend\manage.py", line 22, in <module>
    main()
    ~~~~^^
  File "C:\Users\Alejandro\Desktop\Electro-Isla\backend\manage.py", line 18, in main
    execute_from_command_line(sys.argv)
    ~~~~~~~~~~~~~~~~~~~~~~~~~^^^^^^^^^^
  File "C:\Users\Alejandro\AppData\Local\Programs\Python\Python313\Lib\site-packages\django\core\management\__init__.py", line 442, in execute_from_command_line
    utility.execute()
    ~~~~~~~~~~~~~~~^^
  File "C:\Users\Alejandro\AppData\Local\Programs\Python\Python313\Lib\site-packages\django\core\management\__init__.py", line 436, in execute
    self.fetch_command(subcommand).run_from_argv(self.argv)
    ~~~~~~~~~~~~~~~~~~~~~~~~~~~~~~~~~~~~~~~~~~~~^^^^^^^^^^^
  File "C:\Users\Alejandro\AppData\Local\Programs\Python\Python313\Lib\site-packages\django\core\management\base.py", line 412, in run_from_argv
    self.execute(*args, **cmd_options)
    ~~~~~~~~~~~~^^^^^^^^^^^^^^^^^^^^^^
  File "C:\Users\Alejandro\AppData\Local\Programs\Python\Python313\Lib\site-packages\django\core\management\base.py", line 458, in execute
    output = self.handle(*args, **options)
  File "C:\Users\Alejandro\Desktop\Electro-Isla\backend\api\management\commands\limpiar_tokens.py", line 14, in handle
    self.stdout.write('\U0001f9f9 Iniciando limpieza...')
    ~~~~~~~~~~~~~~~~~^^^^^^^^^^^^^^^^^^^^^^^^^^^^
  File "C:\Users\Alejandro\AppData\Local\Programs\Python\Python313\Lib\site-packages\django\core\management\base.py", line 180, in write
    self._out.write(style_func(msg))
    ~~~~~~~~~~~~~~~^^^^^^^^^^^^^^^^^
  File "C:\Users\Alejandro\AppData\Local\Programs\Python\Python313\Lib\site-packages\colorama\ansitowin32.py", line 47, in write
    self.__convertor.write(text)
    ~~~~~~~~~~~~~~~~~~~~~~^^^^^^
  File "C:\Users\Alejandro\AppData\Local\Programs\Python\Python313\Lib\site-packages\colorama\ansitowin32.py", line 177, in write
    self.write_and_convert(text)
    ~~~~~~~~~~~~~~~~~~~~~~^^^^^^
  File "C:\Users\Alejandro\AppData\Local\Programs\Python\Python313\Lib\site-packages\colorama\ansitowin32.py", line 205, in write_and_convert
    self.write_plain_text(text, cursor, len(text))
    ~~~~~~~~~~~~~~~~~~~~~^^^^^^^^^^^^^^^^^^^^^^^^^
  File "C:\Users\Alejandro\AppData\Local\Programs\Python\Python313\Lib\site-packages\colorama\ansitowin32.py", line 210, in write_plain_text
    self.wrapped.write(text[start:end])
    ~~~~~~~~~~~~~~~~~~^^^^^^^^^^^^^^^^^
  File "C:\Users\Alejandro\AppData\Local\Programs\Python\Python313\Lib\encodings\cp1252.py", line 19, in encode
    return codecs.charmap_encode(input,self.errors,encoding_table)[0]
           ~~~~~~~~~~~~~~~~~~~~~^^^^^^^^^^^^^^^^^^^^^^^^^^^^^^^^^^
UnicodeEncodeError: 'charmap' codec can't encode character '\U0001f9f9' in position 0: character maps to <undefined>
Traceback (most recent call last):
  File "C:\Users\Alejandro\Desktop\Electro-Isla\backend\manage.py", line 22, in <module>
    main()
    ~~~~^^
  File "C:\Users\Alejandro\Desktop\Electro-Isla\backend\manage.py", line 18, in main
    execute_from_command_line(sys.argv)
    ~~~~~~~~~~~~~~~~~~~~~~~~~^^^^^^^^^^
  File "C:\Users\Alejandro\AppData\Local\Programs\Python\Python313\Lib\site-packages\django\core\management\__init__.py", line 442, in execute_from_command_line
    utility.execute()
    ~~~~~~~~~~~~~~~^^
  File "C:\Users\Alejandro\AppData\Local\Programs\Python\Python313\Lib\site-packages\django\core\management\__init__.py", line 436, in execute
    self.fetch_command(subcommand).run_from_argv(self.argv)
    ~~~~~~~~~~~~~~~~~~~~~~~~~~~~~~~~~~~~~~~~~~~~^^^^^^^^^^^
  File "C:\Users\Alejandro\AppData\Local\Programs\Python\Python313\Lib\site-packages\django\core\management\base.py", line 412, in run_from_argv
    self.execute(*args, **cmd_options)
    ~~~~~~~~~~~~^^^^^^^^^^^^^^^^^^^^^^
  File "C:\Users\Alejandro\AppData\Local\Programs\Python\Python313\Lib\site-packages\django\core\management\base.py", line 458, in execute
    output = self.handle(*args, **options)
  File "C:\Users\Alejandro\Desktop\Electro-Isla\backend\api\management\commands\limpiar_tokens.py", line 14, in handle
    self.stdout.write('\U0001f9f9 Iniciando limpieza...')
    ~~~~~~~~~~~~~~~~~^^^^^^^^^^^^^^^^^^^^^^^^^^^^
  File "C:\Users\Alejandro\AppData\Local\Programs\Python\Python313\Lib\site-packages\django\core\management\base.py", line 180, in write
    self._out.write(style_func(msg))
    ~~~~~~~~~~~~~~~^^^^^^^^^^^^^^^^^
  File "C:\Users\Alejandro\AppData\Local\Programs\Python\Python313\Lib\site-packages\colorama\ansitowin32.py", line 47, in write
    self.__convertor.write(text)
    ~~~~~~~~~~~~~~~~~~~~~~^^^^^^
  File "C:\Users\Alejandro\AppData\Local\Programs\Python\Python313\Lib\site-packages\colorama\ansitowin32.py", line 177, in write
    self.write_and_convert(text)
    ~~~~~~~~~~~~~~~~~~~~~~^^^^^^
  File "C:\Users\Alejandro\AppData\Local\Programs\Python\Python313\Lib\site-packages\colorama\ansitowin32.py", line 205, in write_and_convert
    self.write_plain_text(text, cursor, len(text))
    ~~~~~~~~~~~~~~~~~~~~~^^^^^^^^^^^^^^^^^^^^^^^^^
  File "C:\Users\Alejandro\AppData\Local\Programs\Python\Python313\Lib\site-packages\colorama\ansitowin32.py", line 210, in write_plain_text
    self.wrapped.write(text[start:end])
    ~~~~~~~~~~~~~~~~~~^^^^^^^^^^^^^^^^^
  File "C:\Users\Alejandro\AppData\Local\Programs\Python\Python313\Lib\encodings\cp1252.py", line 19, in encode
    return codecs.charmap_encode(input,self.errors,encoding_table)[0]
           ~~~~~~~~~~~~~~~~~~~~~^^^^^^^^^^^^^^^^^^^^^^^^^^^^^^^^^^
UnicodeEncodeError: 'charmap' codec can't encode character '\U0001f9f9' in position 0: character maps to <undefined>
^CTraceback (most recent call last):
  File "C:\Users\Alejandro\Desktop\Electro-Isla\backend\manage.py", line 22, in <module>
    main()
    ~~~~^^
  File "C:\Users\Alejandro\Desktop\Electro-Isla\backend\manage.py", line 18, in main
    execute_from_command_line(sys.argv)
    ~~~~~~~~~~~~~~~~~~~~~~~~~^^^^^^^^^^
  File "C:\Users\Alejandro\AppData\Local\Programs\Python\Python313\Lib\site-packages\django\core\management\__init__.py", line 442, in execute_from_command_line
    utility.execute()
    ~~~~~~~~~~~~~~~^^
  File "C:\Users\Alejandro\AppData\Local\Programs\Python\Python313\Lib\site-packages\django\core\management\__init__.py", line 436, in execute
    self.fetch_command(subcommand).run_from_argv(self.argv)
    ~~~~~~~~~~~~~~~~~~~~~~~~~~~~~~~~~~~~~~~~~~~~^^^^^^^^^^^
  File "C:\Users\Alejandro\AppData\Local\Programs\Python\Python313\Lib\site-packages\django\core\management\base.py", line 412, in run_from_argv
    self.execute(*args, **cmd_options)
    ~~~~~~~~~~~~^^^^^^^^^^^^^^^^^^^^^^
  File "C:\Users\Alejandro\AppData\Local\Programs\Python\Python313\Lib\site-packages\django\core\management\base.py", line 458, in execute
    output = self.handle(*args, **options)
  File "C:\Users\Alejandro\Desktop\Electro-Isla\backend\api\management\commands\limpiar_tokens.py", line 14, in handle
    self.stdout.write('\U0001f9f9 Iniciando limpieza...')
    ~~~~~~~~~~~~~~~~~^^^^^^^^^^^^^^^^^^^^^^^^^^^^
  File "C:\Users\Alejandro\AppData\Local\Programs\Python\Python313\Lib\site-packages\django\core\management\base.py", line 180, in write
    self._out.write(style_func(msg))
    ~~~~~~~~~~~~~~~^^^^^^^^^^^^^^^^^
  File "C:\Users\Alejandro\AppData\Local\Programs\Python\Python313\Lib\site-packages\colorama\ansitowin32.py", line 47, in write
    self.__convertor.write(text)
    ~~~~~~~~~~~~~~~~~~~~~~^^^^^^
  File "C:\Users\Alejandro\AppData\Local\Programs\Python\Python313\Lib\site-packages\colorama\ansitowin32.py", line 177, in write
    self.write_and_convert(text)
    ~~~~~~~~~~~~~~~~~~~~~~^^^^^^
  File "C:\Users\Alejandro\AppData\Local\Programs\Python\Python313\Lib\site-packages\colorama\ansitowin32.py", line 205, in write_and_convert
    self.write_plain_text(text, cursor, len(text))
    ~~~~~~~~~~~~~~~~~~~~~^^^^^^^^^^^^^^^^^^^^^^^^^
  File "C:\Users\Alejandro\AppData\Local\Programs\Python\Python313\Lib\site-packages\colorama\ansitowin32.py", line 210, in write_plain_text
    self.wrapped.write(text[start:end])
    ~~~~~~~~~~~~~~~~~~^^^^^^^^^^^^^^^^^
  File "C:\Users\Alejandro\AppData\Local\Programs\Python\Python313\Lib\encodings\cp1252.py", line 19, in encode
    return codecs.charmap_encode(input,self.errors,encoding_table)[0]
           ~~~~~~~~~~~~~~~~~~~~~^^^^^^^^^^^^^^^^^^^^^^^^^^^^^^^^^^
UnicodeEncodeError: 'charmap' codec can't encode character '\U0001f9f9' in position 0: character maps to <undefined>
Traceback (most recent call last):
  File "C:\Users\Alejandro\Desktop\Electro-Isla\backend\manage.py", line 22, in <module>
    main()
    ~~~~^^
  File "C:\Users\Alejandro\Desktop\Electro-Isla\backend\manage.py", line 18, in main
    execute_from_command_line(sys.argv)
    ~~~~~~~~~~~~~~~~~~~~~~~~~^^^^^^^^^^
  File "C:\Users\Alejandro\AppData\Local\Programs\Python\Python313\Lib\site-packages\django\core\management\__init__.py", line 442, in execute_from_command_line
    utility.execute()
    ~~~~~~~~~~~~~~~^^
  File "C:\Users\Alejandro\AppData\Local\Programs\Python\Python313\Lib\site-packages\django\core\management\__init__.py", line 436, in execute
    self.fetch_command(subcommand).run_from_argv(self.argv)
    ~~~~~~~~~~~~~~~~~~~~~~~~~~~~~~~~~~~~~~~~~~~~^^^^^^^^^^^
  File "C:\Users\Alejandro\AppData\Local\Programs\Python\Python313\Lib\site-packages\django\core\management\base.py", line 412, in run_from_argv
    self.execute(*args, **cmd_options)
    ~~~~~~~~~~~~^^^^^^^^^^^^^^^^^^^^^^
  File "C:\Users\Alejandro\AppData\Local\Programs\Python\Python313\Lib\site-packages\django\core\management\base.py", line 458, in execute
    output = self.handle(*args, **options)
  File "C:\Users\Alejandro\Desktop\Electro-Isla\backend\api\management\commands\limpiar_tokens.py", line 14, in handle
    self.stdout.write('\U0001f9f9 Iniciando limpieza...')
    ~~~~~~~~~~~~~~~~~^^^^^^^^^^^^^^^^^^^^^^^^^^^^
  File "C:\Users\Alejandro\AppData\Local\Programs\Python\Python313\Lib\site-packages\django\core\management\base.py", line 180, in write
    self._out.write(style_func(msg))
    ~~~~~~~~~~~~~~~^^^^^^^^^^^^^^^^^
  File "C:\Users\Alejandro\AppData\Local\Programs\Python\Python313\Lib\site-packages\colorama\ansitowin32.py", line 47, in write
    self.__convertor.write(text)
    ~~~~~~~~~~~~~~~~~~~~~~^^^^^^
  File "C:\Users\Alejandro\AppData\Local\Programs\Python\Python313\Lib\site-packages\colorama\ansitowin32.py", line 177, in write
    self.write_and_convert(text)
    ~~~~~~~~~~~~~~~~~~~~~~^^^^^^
  File "C:\Users\Alejandro\AppData\Local\Programs\Python\Python313\Lib\site-packages\colorama\ansitowin32.py", line 205, in write_and_convert
    self.write_plain_text(text, cursor, len(text))
    ~~~~~~~~~~~~~~~~~~~~~^^^^^^^^^^^^^^^^^^^^^^^^^
  File "C:\Users\Alejandro\AppData\Local\Programs\Python\Python313\Lib\site-packages\colorama\ansitowin32.py", line 210, in write_plain_text
    self.wrapped.write(text[start:end])
    ~~~~~~~~~~~~~~~~~~^^^^^^^^^^^^^^^^^
  File "C:\Users\Alejandro\AppData\Local\Programs\Python\Python313\Lib\encodings\cp1252.py", line 19, in encode
    return codecs.charmap_encode(input,self.errors,encoding_table)[0]
           ~~~~~~~~~~~~~~~~~~~~~^^^^^^^^^^^^^^^^^^^^^^^^^^^^^^^^^^
UnicodeEncodeError: 'charmap' codec can't encode character '\U0001f9f9' in position 0: character maps to <undefined>
[CLEANUP] Iniciando limpieza de tokens...
Traceback (most recent call last):
  File "C:\Users\Alejandro\Desktop\Electro-Isla\backend\manage.py", line 22, in <module>
    main()
    ~~~~^^
  File "C:\Users\Alejandro\Desktop\Electro-Isla\backend\manage.py", line 18, in main
    execute_from_command_line(sys.argv)
    ~~~~~~~~~~~~~~~~~~~~~~~~~^^^^^^^^^^
  File "C:\Users\Alejandro\AppData\Local\Programs\Python\Python313\Lib\site-packages\django\core\management\__init__.py", line 442, in execute_from_command_line
    utility.execute()
    ~~~~~~~~~~~~~~~^^
  File "C:\Users\Alejandro\AppData\Local\Programs\Python\Python313\Lib\site-packages\django\core\management\__init__.py", line 436, in execute
    self.fetch_command(subcommand).run_from_argv(self.argv)
    ~~~~~~~~~~~~~~~~~~~~~~~~~~~~~~~~~~~~~~~~~~~~^^^^^^^^^^^
  File "C:\Users\Alejandro\AppData\Local\Programs\Python\Python313\Lib\site-packages\django\core\management\base.py", line 412, in run_from_argv
    self.execute(*args, **cmd_options)
    ~~~~~~~~~~~~^^^^^^^^^^^^^^^^^^^^^^
  File "C:\Users\Alejandro\AppData\Local\Programs\Python\Python313\Lib\site-packages\django\core\management\base.py", line 458, in execute
    output = self.handle(*args, **options)
  File "C:\Users\Alejandro\Desktop\Electro-Isla\backend\api\management\commands\limpiar_tokens.py", line 45, in handle
    self.stdout.write('  \u2192 Limpiando Refresh Tokens expirados...')
    ~~~~~~~~~~~~~~~~~^^^^^^^^^^^^^^^^^^^^^^^^^^^^^^^^^^^^^^^^^^^^^
  File "C:\Users\Alejandro\AppData\Local\Programs\Python\Python313\Lib\site-packages\django\core\management\base.py", line 180, in write
    self._out.write(style_func(msg))
    ~~~~~~~~~~~~~~~^^^^^^^^^^^^^^^^^
  File "C:\Users\Alejandro\AppData\Local\Programs\Python\Python313\Lib\site-packages\colorama\ansitowin32.py", line 47, in write
    self.__convertor.write(text)
    ~~~~~~~~~~~~~~~~~~~~~~^^^^^^
  File "C:\Users\Alejandro\AppData\Local\Programs\Python\Python313\Lib\site-packages\colorama\ansitowin32.py", line 177, in write
    self.write_and_convert(text)
    ~~~~~~~~~~~~~~~~~~~~~~^^^^^^
  File "C:\Users\Alejandro\AppData\Local\Programs\Python\Python313\Lib\site-packages\colorama\ansitowin32.py", line 205, in write_and_convert
    self.write_plain_text(text, cursor, len(text))
    ~~~~~~~~~~~~~~~~~~~~~^^^^^^^^^^^^^^^^^^^^^^^^^
  File "C:\Users\Alejandro\AppData\Local\Programs\Python\Python313\Lib\site-packages\colorama\ansitowin32.py", line 210, in write_plain_text
    self.wrapped.write(text[start:end])
    ~~~~~~~~~~~~~~~~~~^^^^^^^^^^^^^^^^^
  File "C:\Users\Alejandro\AppData\Local\Programs\Python\Python313\Lib\encodings\cp1252.py", line 19, in encode
    return codecs.charmap_encode(input,self.errors,encoding_table)[0]
           ~~~~~~~~~~~~~~~~~~~~~^^^^^^^^^^^^^^^^^^^^^^^^^^^^^^^^^^
UnicodeEncodeError: 'charmap' codec can't encode character '\u2192' in position 2: character maps to <undefined>
[CLEANUP] Iniciando limpieza de tokens...
Traceback (most recent call last):
  File "C:\Users\Alejandro\Desktop\Electro-Isla\backend\manage.py", line 22, in <module>
    main()
    ~~~~^^
  File "C:\Users\Alejandro\Desktop\Electro-Isla\backend\manage.py", line 18, in main
    execute_from_command_line(sys.argv)
    ~~~~~~~~~~~~~~~~~~~~~~~~~^^^^^^^^^^
  File "C:\Users\Alejandro\AppData\Local\Programs\Python\Python313\Lib\site-packages\django\core\management\__init__.py", line 442, in execute_from_command_line
    utility.execute()
    ~~~~~~~~~~~~~~~^^
  File "C:\Users\Alejandro\AppData\Local\Programs\Python\Python313\Lib\site-packages\django\core\management\__init__.py", line 436, in execute
    self.fetch_command(subcommand).run_from_argv(self.argv)
    ~~~~~~~~~~~~~~~~~~~~~~~~~~~~~~~~~~~~~~~~~~~~^^^^^^^^^^^
  File "C:\Users\Alejandro\AppData\Local\Programs\Python\Python313\Lib\site-packages\django\core\management\base.py", line 412, in run_from_argv
    self.execute(*args, **cmd_options)
    ~~~~~~~~~~~~^^^^^^^^^^^^^^^^^^^^^^
  File "C:\Users\Alejandro\AppData\Local\Programs\Python\Python313\Lib\site-packages\django\core\management\base.py", line 458, in execute
    output = self.handle(*args, **options)
  File "C:\Users\Alejandro\Desktop\Electro-Isla\backend\api\management\commands\limpiar_tokens.py", line 45, in handle
    self.stdout.write('  \u2192 Limpiando Refresh Tokens expirados...')
    ~~~~~~~~~~~~~~~~~^^^^^^^^^^^^^^^^^^^^^^^^^^^^^^^^^^^^^^^^^^^^^
  File "C:\Users\Alejandro\AppData\Local\Programs\Python\Python313\Lib\site-packages\django\core\management\base.py", line 180, in write
    self._out.write(style_func(msg))
    ~~~~~~~~~~~~~~~^^^^^^^^^^^^^^^^^
  File "C:\Users\Alejandro\AppData\Local\Programs\Python\Python313\Lib\site-packages\colorama\ansitowin32.py", line 47, in write
    self.__convertor.write(text)
    ~~~~~~~~~~~~~~~~~~~~~~^^^^^^
  File "C:\Users\Alejandro\AppData\Local\Programs\Python\Python313\Lib\site-packages\colorama\ansitowin32.py", line 177, in write
    self.write_and_convert(text)
    ~~~~~~~~~~~~~~~~~~~~~~^^^^^^
  File "C:\Users\Alejandro\AppData\Local\Programs\Python\Python313\Lib\site-packages\colorama\ansitowin32.py", line 205, in write_and_convert
    self.write_plain_text(text, cursor, len(text))
    ~~~~~~~~~~~~~~~~~~~~~^^^^^^^^^^^^^^^^^^^^^^^^^
  File "C:\Users\Alejandro\AppData\Local\Programs\Python\Python313\Lib\site-packages\colorama\ansitowin32.py", line 210, in write_plain_text
    self.wrapped.write(text[start:end])
    ~~~~~~~~~~~~~~~~~~^^^^^^^^^^^^^^^^^
  File "C:\Users\Alejandro\AppData\Local\Programs\Python\Python313\Lib\encodings\cp1252.py", line 19, in encode
    return codecs.charmap_encode(input,self.errors,encoding_table)[0]
           ~~~~~~~~~~~~~~~~~~~~~^^^^^^^^^^^^^^^^^^^^^^^^^^^^^^^^^^
UnicodeEncodeError: 'charmap' codec can't encode character '\u2192' in position 2: character maps to <undefined>
^C[CLEANUP] Iniciando limpieza de tokens...
Traceback (most recent call last):
  File "C:\Users\Alejandro\Desktop\Electro-Isla\backend\manage.py", line 22, in <module>
    main()
    ~~~~^^
  File "C:\Users\Alejandro\Desktop\Electro-Isla\backend\manage.py", line 18, in main
    execute_from_command_line(sys.argv)
    ~~~~~~~~~~~~~~~~~~~~~~~~~^^^^^^^^^^
  File "C:\Users\Alejandro\AppData\Local\Programs\Python\Python313\Lib\site-packages\django\core\management\__init__.py", line 442, in execute_from_command_line
    utility.execute()
    ~~~~~~~~~~~~~~~^^
  File "C:\Users\Alejandro\AppData\Local\Programs\Python\Python313\Lib\site-packages\django\core\management\__init__.py", line 436, in execute
    self.fetch_command(subcommand).run_from_argv(self.argv)
    ~~~~~~~~~~~~~~~~~~~~~~~~~~~~~~~~~~~~~~~~~~~~^^^^^^^^^^^
  File "C:\Users\Alejandro\AppData\Local\Programs\Python\Python313\Lib\site-packages\django\core\management\base.py", line 412, in run_from_argv
    self.execute(*args, **cmd_options)
    ~~~~~~~~~~~~^^^^^^^^^^^^^^^^^^^^^^
  File "C:\Users\Alejandro\AppData\Local\Programs\Python\Python313\Lib\site-packages\django\core\management\base.py", line 458, in execute
    output = self.handle(*args, **options)
  File "C:\Users\Alejandro\Desktop\Electro-Isla\backend\api\management\commands\limpiar_tokens.py", line 45, in handle
    self.stdout.write('  \u2192 Limpiando Refresh Tokens expirados...')
    ~~~~~~~~~~~~~~~~~^^^^^^^^^^^^^^^^^^^^^^^^^^^^^^^^^^^^^^^^^^^^^
  File "C:\Users\Alejandro\AppData\Local\Programs\Python\Python313\Lib\site-packages\django\core\management\base.py", line 180, in write
    self._out.write(style_func(msg))
    ~~~~~~~~~~~~~~~^^^^^^^^^^^^^^^^^
  File "C:\Users\Alejandro\AppData\Local\Programs\Python\Python313\Lib\site-packages\colorama\ansitowin32.py", line 47, in write
    self.__convertor.write(text)
    ~~~~~~~~~~~~~~~~~~~~~~^^^^^^
  File "C:\Users\Alejandro\AppData\Local\Programs\Python\Python313\Lib\site-packages\colorama\ansitowin32.py", line 177, in write
    self.write_and_convert(text)
    ~~~~~~~~~~~~~~~~~~~~~~^^^^^^
  File "C:\Users\Alejandro\AppData\Local\Programs\Python\Python313\Lib\site-packages\colorama\ansitowin32.py", line 205, in write_and_convert
    self.write_plain_text(text, cursor, len(text))
    ~~~~~~~~~~~~~~~~~~~~~^^^^^^^^^^^^^^^^^^^^^^^^^
  File "C:\Users\Alejandro\AppData\Local\Programs\Python\Python313\Lib\site-packages\colorama\ansitowin32.py", line 210, in write_plain_text
    self.wrapped.write(text[start:end])
    ~~~~~~~~~~~~~~~~~~^^^^^^^^^^^^^^^^^
  File "C:\Users\Alejandro\AppData\Local\Programs\Python\Python313\Lib\encodings\cp1252.py", line 19, in encode
    return codecs.charmap_encode(input,self.errors,encoding_table)[0]
           ~~~~~~~~~~~~~~~~~~~~~^^^^^^^^^^^^^^^^^^^^^^^^^^^^^^^^^^
UnicodeEncodeError: 'charmap' codec can't encode character '\u2192' in position 2: character maps to <undefined>
^C[CLEANUP] Iniciando limpieza de tokens...
Traceback (most recent call last):
  File "C:\Users\Alejandro\Desktop\Electro-Isla\backend\manage.py", line 22, in <module>
    main()
    ~~~~^^
  File "C:\Users\Alejandro\Desktop\Electro-Isla\backend\manage.py", line 18, in main
    execute_from_command_line(sys.argv)
    ~~~~~~~~~~~~~~~~~~~~~~~~~^^^^^^^^^^
  File "C:\Users\Alejandro\AppData\Local\Programs\Python\Python313\Lib\site-packages\django\core\management\__init__.py", line 442, in execute_from_command_line
    utility.execute()
    ~~~~~~~~~~~~~~~^^
  File "C:\Users\Alejandro\AppData\Local\Programs\Python\Python313\Lib\site-packages\django\core\management\__init__.py", line 436, in execute
    self.fetch_command(subcommand).run_from_argv(self.argv)
    ~~~~~~~~~~~~~~~~~~~~~~~~~~~~~~~~~~~~~~~~~~~~^^^^^^^^^^^
  File "C:\Users\Alejandro\AppData\Local\Programs\Python\Python313\Lib\site-packages\django\core\management\base.py", line 412, in run_from_argv
    self.execute(*args, **cmd_options)
    ~~~~~~~~~~~~^^^^^^^^^^^^^^^^^^^^^^
  File "C:\Users\Alejandro\AppData\Local\Programs\Python\Python313\Lib\site-packages\django\core\management\base.py", line 458, in execute
    output = self.handle(*args, **options)
  File "C:\Users\Alejandro\Desktop\Electro-Isla\backend\api\management\commands\limpiar_tokens.py", line 45, in handle
    self.stdout.write('  \u2192 Limpiando Refresh Tokens expirados...')
    ~~~~~~~~~~~~~~~~~^^^^^^^^^^^^^^^^^^^^^^^^^^^^^^^^^^^^^^^^^^^^^
  File "C:\Users\Alejandro\AppData\Local\Programs\Python\Python313\Lib\site-packages\django\core\management\base.py", line 180, in write
    self._out.write(style_func(msg))
    ~~~~~~~~~~~~~~~^^^^^^^^^^^^^^^^^
  File "C:\Users\Alejandro\AppData\Local\Programs\Python\Python313\Lib\site-packages\colorama\ansitowin32.py", line 47, in write
    self.__convertor.write(text)
    ~~~~~~~~~~~~~~~~~~~~~~^^^^^^
  File "C:\Users\Alejandro\AppData\Local\Programs\Python\Python313\Lib\site-packages\colorama\ansitowin32.py", line 177, in write
    self.write_and_convert(text)
    ~~~~~~~~~~~~~~~~~~~~~~^^^^^^
  File "C:\Users\Alejandro\AppData\Local\Programs\Python\Python313\Lib\site-packages\colorama\ansitowin32.py", line 205, in write_and_convert
    self.write_plain_text(text, cursor, len(text))
    ~~~~~~~~~~~~~~~~~~~~~^^^^^^^^^^^^^^^^^^^^^^^^^
  File "C:\Users\Alejandro\AppData\Local\Programs\Python\Python313\Lib\site-packages\colorama\ansitowin32.py", line 210, in write_plain_text
    self.wrapped.write(text[start:end])
    ~~~~~~~~~~~~~~~~~~^^^^^^^^^^^^^^^^^
  File "C:\Users\Alejandro\AppData\Local\Programs\Python\Python313\Lib\encodings\cp1252.py", line 19, in encode
    return codecs.charmap_encode(input,self.errors,encoding_table)[0]
           ~~~~~~~~~~~~~~~~~~~~~^^^^^^^^^^^^^^^^^^^^^^^^^^^^^^^^^^
UnicodeEncodeError: 'charmap' codec can't encode character '\u2192' in position 2: character maps to <undefined>
[CLEANUP] Iniciando limpieza de tokens...
Traceback (most recent call last):
  File "C:\Users\Alejandro\Desktop\Electro-Isla\backend\manage.py", line 22, in <module>
    main()
    ~~~~^^
  File "C:\Users\Alejandro\Desktop\Electro-Isla\backend\manage.py", line 18, in main
    execute_from_command_line(sys.argv)
    ~~~~~~~~~~~~~~~~~~~~~~~~~^^^^^^^^^^
  File "C:\Users\Alejandro\AppData\Local\Programs\Python\Python313\Lib\site-packages\django\core\management\__init__.py", line 442, in execute_from_command_line
    utility.execute()
    ~~~~~~~~~~~~~~~^^
  File "C:\Users\Alejandro\AppData\Local\Programs\Python\Python313\Lib\site-packages\django\core\management\__init__.py", line 436, in execute
    self.fetch_command(subcommand).run_from_argv(self.argv)
    ~~~~~~~~~~~~~~~~~~~~~~~~~~~~~~~~~~~~~~~~~~~~^^^^^^^^^^^
  File "C:\Users\Alejandro\AppData\Local\Programs\Python\Python313\Lib\site-packages\django\core\management\base.py", line 412, in run_from_argv
    self.execute(*args, **cmd_options)
    ~~~~~~~~~~~~^^^^^^^^^^^^^^^^^^^^^^
  File "C:\Users\Alejandro\AppData\Local\Programs\Python\Python313\Lib\site-packages\django\core\management\base.py", line 458, in execute
    output = self.handle(*args, **options)
  File "C:\Users\Alejandro\Desktop\Electro-Isla\backend\api\management\commands\limpiar_tokens.py", line 45, in handle
    self.stdout.write('  \u2192 Limpiando Refresh Tokens expirados...')
    ~~~~~~~~~~~~~~~~~^^^^^^^^^^^^^^^^^^^^^^^^^^^^^^^^^^^^^^^^^^^^^
  File "C:\Users\Alejandro\AppData\Local\Programs\Python\Python313\Lib\site-packages\django\core\management\base.py", line 180, in write
    self._out.write(style_func(msg))
    ~~~~~~~~~~~~~~~^^^^^^^^^^^^^^^^^
  File "C:\Users\Alejandro\AppData\Local\Programs\Python\Python313\Lib\site-packages\colorama\ansitowin32.py", line 47, in write
    self.__convertor.write(text)
    ~~~~~~~~~~~~~~~~~~~~~~^^^^^^
  File "C:\Users\Alejandro\AppData\Local\Programs\Python\Python313\Lib\site-packages\colorama\ansitowin32.py", line 177, in write
    self.write_and_convert(text)
    ~~~~~~~~~~~~~~~~~~~~~~^^^^^^
  File "C:\Users\Alejandro\AppData\Local\Programs\Python\Python313\Lib\site-packages\colorama\ansitowin32.py", line 205, in write_and_convert
    self.write_plain_text(text, cursor, len(text))
    ~~~~~~~~~~~~~~~~~~~~~^^^^^^^^^^^^^^^^^^^^^^^^^
  File "C:\Users\Alejandro\AppData\Local\Programs\Python\Python313\Lib\site-packages\colorama\ansitowin32.py", line 210, in write_plain_text
    self.wrapped.write(text[start:end])
    ~~~~~~~~~~~~~~~~~~^^^^^^^^^^^^^^^^^
  File "C:\Users\Alejandro\AppData\Local\Programs\Python\Python313\Lib\encodings\cp1252.py", line 19, in encode
    return codecs.charmap_encode(input,self.errors,encoding_table)[0]
           ~~~~~~~~~~~~~~~~~~~~~^^^^^^^^^^^^^^^^^^^^^^^^^^^^^^^^^^
UnicodeEncodeError: 'charmap' codec can't encode character '\u2192' in position 2: character maps to <undefined>
[CLEANUP] Iniciando limpieza de tokens...
Traceback (most recent call last):
  File "C:\Users\Alejandro\Desktop\Electro-Isla\backend\manage.py", line 22, in <module>
    main()
    ~~~~^^
  File "C:\Users\Alejandro\Desktop\Electro-Isla\backend\manage.py", line 18, in main
    execute_from_command_line(sys.argv)
    ~~~~~~~~~~~~~~~~~~~~~~~~~^^^^^^^^^^
  File "C:\Users\Alejandro\AppData\Local\Programs\Python\Python313\Lib\site-packages\django\core\management\__init__.py", line 442, in execute_from_command_line
    utility.execute()
    ~~~~~~~~~~~~~~~^^
  File "C:\Users\Alejandro\AppData\Local\Programs\Python\Python313\Lib\site-packages\django\core\management\__init__.py", line 436, in execute
    self.fetch_command(subcommand).run_from_argv(self.argv)
    ~~~~~~~~~~~~~~~~~~~~~~~~~~~~~~~~~~~~~~~~~~~~^^^^^^^^^^^
  File "C:\Users\Alejandro\AppData\Local\Programs\Python\Python313\Lib\site-packages\django\core\management\base.py", line 412, in run_from_argv
    self.execute(*args, **cmd_options)
    ~~~~~~~~~~~~^^^^^^^^^^^^^^^^^^^^^^
  File "C:\Users\Alejandro\AppData\Local\Programs\Python\Python313\Lib\site-packages\django\core\management\base.py", line 458, in execute
    output = self.handle(*args, **options)
  File "C:\Users\Alejandro\Desktop\Electro-Isla\backend\api\management\commands\limpiar_tokens.py", line 45, in handle
    self.stdout.write('  \u2192 Limpiando Refresh Tokens expirados...')
    ~~~~~~~~~~~~~~~~~^^^^^^^^^^^^^^^^^^^^^^^^^^^^^^^^^^^^^^^^^^^^^
  File "C:\Users\Alejandro\AppData\Local\Programs\Python\Python313\Lib\site-packages\django\core\management\base.py", line 180, in write
    self._out.write(style_func(msg))
    ~~~~~~~~~~~~~~~^^^^^^^^^^^^^^^^^
  File "C:\Users\Alejandro\AppData\Local\Programs\Python\Python313\Lib\site-packages\colorama\ansitowin32.py", line 47, in write
    self.__convertor.write(text)
    ~~~~~~~~~~~~~~~~~~~~~~^^^^^^
  File "C:\Users\Alejandro\AppData\Local\Programs\Python\Python313\Lib\site-packages\colorama\ansitowin32.py", line 177, in write
    self.write_and_convert(text)
    ~~~~~~~~~~~~~~~~~~~~~~^^^^^^
  File "C:\Users\Alejandro\AppData\Local\Programs\Python\Python313\Lib\site-packages\colorama\ansitowin32.py", line 205, in write_and_convert
    self.write_plain_text(text, cursor, len(text))
    ~~~~~~~~~~~~~~~~~~~~~^^^^^^^^^^^^^^^^^^^^^^^^^
  File "C:\Users\Alejandro\AppData\Local\Programs\Python\Python313\Lib\site-packages\colorama\ansitowin32.py", line 210, in write_plain_text
    self.wrapped.write(text[start:end])
    ~~~~~~~~~~~~~~~~~~^^^^^^^^^^^^^^^^^
  File "C:\Users\Alejandro\AppData\Local\Programs\Python\Python313\Lib\encodings\cp1252.py", line 19, in encode
    return codecs.charmap_encode(input,self.errors,encoding_table)[0]
           ~~~~~~~~~~~~~~~~~~~~~^^^^^^^^^^^^^^^^^^^^^^^^^^^^^^^^^^
UnicodeEncodeError: 'charmap' codec can't encode character '\u2192' in position 2: character maps to <undefined>
[CLEANUP] Iniciando limpieza de tokens...
Traceback (most recent call last):
  File "C:\Users\Alejandro\Desktop\Electro-Isla\backend\manage.py", line 22, in <module>
    main()
    ~~~~^^
  File "C:\Users\Alejandro\Desktop\Electro-Isla\backend\manage.py", line 18, in main
    execute_from_command_line(sys.argv)
    ~~~~~~~~~~~~~~~~~~~~~~~~~^^^^^^^^^^
  File "C:\Users\Alejandro\AppData\Local\Programs\Python\Python313\Lib\site-packages\django\core\management\__init__.py", line 442, in execute_from_command_line
    utility.execute()
    ~~~~~~~~~~~~~~~^^
  File "C:\Users\Alejandro\AppData\Local\Programs\Python\Python313\Lib\site-packages\django\core\management\__init__.py", line 436, in execute
    self.fetch_command(subcommand).run_from_argv(self.argv)
    ~~~~~~~~~~~~~~~~~~~~~~~~~~~~~~~~~~~~~~~~~~~~^^^^^^^^^^^
  File "C:\Users\Alejandro\AppData\Local\Programs\Python\Python313\Lib\site-packages\django\core\management\base.py", line 412, in run_from_argv
    self.execute(*args, **cmd_options)
    ~~~~~~~~~~~~^^^^^^^^^^^^^^^^^^^^^^
  File "C:\Users\Alejandro\AppData\Local\Programs\Python\Python313\Lib\site-packages\django\core\management\base.py", line 458, in execute
    output = self.handle(*args, **options)
  File "C:\Users\Alejandro\Desktop\Electro-Isla\backend\api\management\commands\limpiar_tokens.py", line 45, in handle
    self.stdout.write('  \u2192 Limpiando Refresh Tokens expirados...')
    ~~~~~~~~~~~~~~~~~^^^^^^^^^^^^^^^^^^^^^^^^^^^^^^^^^^^^^^^^^^^^^
  File "C:\Users\Alejandro\AppData\Local\Programs\Python\Python313\Lib\site-packages\django\core\management\base.py", line 180, in write
    self._out.write(style_func(msg))
    ~~~~~~~~~~~~~~~^^^^^^^^^^^^^^^^^
  File "C:\Users\Alejandro\AppData\Local\Programs\Python\Python313\Lib\site-packages\colorama\ansitowin32.py", line 47, in write
    self.__convertor.write(text)
    ~~~~~~~~~~~~~~~~~~~~~~^^^^^^
  File "C:\Users\Alejandro\AppData\Local\Programs\Python\Python313\Lib\site-packages\colorama\ansitowin32.py", line 177, in write
    self.write_and_convert(text)
    ~~~~~~~~~~~~~~~~~~~~~~^^^^^^
  File "C:\Users\Alejandro\AppData\Local\Programs\Python\Python313\Lib\site-packages\colorama\ansitowin32.py", line 205, in write_and_convert
    self.write_plain_text(text, cursor, len(text))
    ~~~~~~~~~~~~~~~~~~~~~^^^^^^^^^^^^^^^^^^^^^^^^^
  File "C:\Users\Alejandro\AppData\Local\Programs\Python\Python313\Lib\site-packages\colorama\ansitowin32.py", line 210, in write_plain_text
    self.wrapped.write(text[start:end])
    ~~~~~~~~~~~~~~~~~~^^^^^^^^^^^^^^^^^
  File "C:\Users\Alejandro\AppData\Local\Programs\Python\Python313\Lib\encodings\cp1252.py", line 19, in encode
    return codecs.charmap_encode(input,self.errors,encoding_table)[0]
           ~~~~~~~~~~~~~~~~~~~~~^^^^^^^^^^^^^^^^^^^^^^^^^^^^^^^^^^
UnicodeEncodeError: 'charmap' codec can't encode character '\u2192' in position 2: character maps to <undefined>
^C[CLEANUP] Iniciando limpieza de tokens...
Traceback (most recent call last):
  File "C:\Users\Alejandro\Desktop\Electro-Isla\backend\manage.py", line 22, in <module>
    main()
    ~~~~^^
  File "C:\Users\Alejandro\Desktop\Electro-Isla\backend\manage.py", line 18, in main
    execute_from_command_line(sys.argv)
    ~~~~~~~~~~~~~~~~~~~~~~~~~^^^^^^^^^^
  File "C:\Users\Alejandro\AppData\Local\Programs\Python\Python313\Lib\site-packages\django\core\management\__init__.py", line 442, in execute_from_command_line
    utility.execute()
    ~~~~~~~~~~~~~~~^^
  File "C:\Users\Alejandro\AppData\Local\Programs\Python\Python313\Lib\site-packages\django\core\management\__init__.py", line 436, in execute
    self.fetch_command(subcommand).run_from_argv(self.argv)
    ~~~~~~~~~~~~~~~~~~~~~~~~~~~~~~~~~~~~~~~~~~~~^^^^^^^^^^^
  File "C:\Users\Alejandro\AppData\Local\Programs\Python\Python313\Lib\site-packages\django\core\management\base.py", line 412, in run_from_argv
    self.execute(*args, **cmd_options)
    ~~~~~~~~~~~~^^^^^^^^^^^^^^^^^^^^^^
  File "C:\Users\Alejandro\AppData\Local\Programs\Python\Python313\Lib\site-packages\django\core\management\base.py", line 458, in execute
    output = self.handle(*args, **options)
  File "C:\Users\Alejandro\Desktop\Electro-Isla\backend\api\management\commands\limpiar_tokens.py", line 45, in handle
    self.stdout.write('  \u2192 Limpiando Refresh Tokens expirados...')
    ~~~~~~~~~~~~~~~~~^^^^^^^^^^^^^^^^^^^^^^^^^^^^^^^^^^^^^^^^^^^^^
  File "C:\Users\Alejandro\AppData\Local\Programs\Python\Python313\Lib\site-packages\django\core\management\base.py", line 180, in write
    self._out.write(style_func(msg))
    ~~~~~~~~~~~~~~~^^^^^^^^^^^^^^^^^
  File "C:\Users\Alejandro\AppData\Local\Programs\Python\Python313\Lib\site-packages\colorama\ansitowin32.py", line 47, in write
    self.__convertor.write(text)
    ~~~~~~~~~~~~~~~~~~~~~~^^^^^^
  File "C:\Users\Alejandro\AppData\Local\Programs\Python\Python313\Lib\site-packages\colorama\ansitowin32.py", line 177, in write
    self.write_and_convert(text)
    ~~~~~~~~~~~~~~~~~~~~~~^^^^^^
  File "C:\Users\Alejandro\AppData\Local\Programs\Python\Python313\Lib\site-packages\colorama\ansitowin32.py", line 205, in write_and_convert
    self.write_plain_text(text, cursor, len(text))
    ~~~~~~~~~~~~~~~~~~~~~^^^^^^^^^^^^^^^^^^^^^^^^^
  File "C:\Users\Alejandro\AppData\Local\Programs\Python\Python313\Lib\site-packages\colorama\ansitowin32.py", line 210, in write_plain_text
    self.wrapped.write(text[start:end])
    ~~~~~~~~~~~~~~~~~~^^^^^^^^^^^^^^^^^
  File "C:\Users\Alejandro\AppData\Local\Programs\Python\Python313\Lib\encodings\cp1252.py", line 19, in encode
    return codecs.charmap_encode(input,self.errors,encoding_table)[0]
           ~~~~~~~~~~~~~~~~~~~~~^^^^^^^^^^^^^^^^^^^^^^^^^^^^^^^^^^
UnicodeEncodeError: 'charmap' codec can't encode character '\u2192' in position 2: character maps to <undefined>
^C^C^C^C[CLEANUP] Iniciando limpieza de tokens...
Traceback (most recent call last):
  File "C:\Users\Alejandro\Desktop\Electro-Isla\backend\manage.py", line 22, in <module>
    main()
    ~~~~^^
  File "C:\Users\Alejandro\Desktop\Electro-Isla\backend\manage.py", line 18, in main
    execute_from_command_line(sys.argv)
    ~~~~~~~~~~~~~~~~~~~~~~~~~^^^^^^^^^^
  File "C:\Users\Alejandro\AppData\Local\Programs\Python\Python313\Lib\site-packages\django\core\management\__init__.py", line 442, in execute_from_command_line
    utility.execute()
    ~~~~~~~~~~~~~~~^^
  File "C:\Users\Alejandro\AppData\Local\Programs\Python\Python313\Lib\site-packages\django\core\management\__init__.py", line 436, in execute
    self.fetch_command(subcommand).run_from_argv(self.argv)
    ~~~~~~~~~~~~~~~~~~~~~~~~~~~~~~~~~~~~~~~~~~~~^^^^^^^^^^^
  File "C:\Users\Alejandro\AppData\Local\Programs\Python\Python313\Lib\site-packages\django\core\management\base.py", line 412, in run_from_argv
    self.execute(*args, **cmd_options)
    ~~~~~~~~~~~~^^^^^^^^^^^^^^^^^^^^^^
  File "C:\Users\Alejandro\AppData\Local\Programs\Python\Python313\Lib\site-packages\django\core\management\base.py", line 458, in execute
    output = self.handle(*args, **options)
  File "C:\Users\Alejandro\Desktop\Electro-Isla\backend\api\management\commands\limpiar_tokens.py", line 45, in handle
    self.stdout.write('  \u2192 Limpiando Refresh Tokens expirados...')
    ~~~~~~~~~~~~~~~~~^^^^^^^^^^^^^^^^^^^^^^^^^^^^^^^^^^^^^^^^^^^^^
  File "C:\Users\Alejandro\AppData\Local\Programs\Python\Python313\Lib\site-packages\django\core\management\base.py", line 180, in write
    self._out.write(style_func(msg))
    ~~~~~~~~~~~~~~~^^^^^^^^^^^^^^^^^
  File "C:\Users\Alejandro\AppData\Local\Programs\Python\Python313\Lib\site-packages\colorama\ansitowin32.py", line 47, in write
    self.__convertor.write(text)
    ~~~~~~~~~~~~~~~~~~~~~~^^^^^^
  File "C:\Users\Alejandro\AppData\Local\Programs\Python\Python313\Lib\site-packages\colorama\ansitowin32.py", line 177, in write
    self.write_and_convert(text)
    ~~~~~~~~~~~~~~~~~~~~~~^^^^^^
  File "C:\Users\Alejandro\AppData\Local\Programs\Python\Python313\Lib\site-packages\colorama\ansitowin32.py", line 205, in write_and_convert
    self.write_plain_text(text, cursor, len(text))
    ~~~~~~~~~~~~~~~~~~~~~^^^^^^^^^^^^^^^^^^^^^^^^^
  File "C:\Users\Alejandro\AppData\Local\Programs\Python\Python313\Lib\site-packages\colorama\ansitowin32.py", line 210, in write_plain_text
    self.wrapped.write(text[start:end])
    ~~~~~~~~~~~~~~~~~~^^^^^^^^^^^^^^^^^
  File "C:\Users\Alejandro\AppData\Local\Programs\Python\Python313\Lib\encodings\cp1252.py", line 19, in encode
    return codecs.charmap_encode(input,self.errors,encoding_table)[0]
           ~~~~~~~~~~~~~~~~~~~~~^^^^^^^^^^^^^^^^^^^^^^^^^^^^^^^^^^
UnicodeEncodeError: 'charmap' codec can't encode character '\u2192' in position 2: character maps to <undefined>
[CLEANUP] Iniciando limpieza de tokens...
Traceback (most recent call last):
  File "C:\Users\Alejandro\Desktop\Electro-Isla\backend\manage.py", line 22, in <module>
    main()
    ~~~~^^
  File "C:\Users\Alejandro\Desktop\Electro-Isla\backend\manage.py", line 18, in main
    execute_from_command_line(sys.argv)
    ~~~~~~~~~~~~~~~~~~~~~~~~~^^^^^^^^^^
  File "C:\Users\Alejandro\AppData\Local\Programs\Python\Python313\Lib\site-packages\django\core\management\__init__.py", line 442, in execute_from_command_line
    utility.execute()
    ~~~~~~~~~~~~~~~^^
  File "C:\Users\Alejandro\AppData\Local\Programs\Python\Python313\Lib\site-packages\django\core\management\__init__.py", line 436, in execute
    self.fetch_command(subcommand).run_from_argv(self.argv)
    ~~~~~~~~~~~~~~~~~~~~~~~~~~~~~~~~~~~~~~~~~~~~^^^^^^^^^^^
  File "C:\Users\Alejandro\AppData\Local\Programs\Python\Python313\Lib\site-packages\django\core\management\base.py", line 412, in run_from_argv
    self.execute(*args, **cmd_options)
    ~~~~~~~~~~~~^^^^^^^^^^^^^^^^^^^^^^
  File "C:\Users\Alejandro\AppData\Local\Programs\Python\Python313\Lib\site-packages\django\core\management\base.py", line 458, in execute
    output = self.handle(*args, **options)
  File "C:\Users\Alejandro\Desktop\Electro-Isla\backend\api\management\commands\limpiar_tokens.py", line 45, in handle
    self.stdout.write('  \u2192 Limpiando Refresh Tokens expirados...')
    ~~~~~~~~~~~~~~~~~^^^^^^^^^^^^^^^^^^^^^^^^^^^^^^^^^^^^^^^^^^^^^
  File "C:\Users\Alejandro\AppData\Local\Programs\Python\Python313\Lib\site-packages\django\core\management\base.py", line 180, in write
    self._out.write(style_func(msg))
    ~~~~~~~~~~~~~~~^^^^^^^^^^^^^^^^^
  File "C:\Users\Alejandro\AppData\Local\Programs\Python\Python313\Lib\site-packages\colorama\ansitowin32.py", line 47, in write
    self.__convertor.write(text)
    ~~~~~~~~~~~~~~~~~~~~~~^^^^^^
  File "C:\Users\Alejandro\AppData\Local\Programs\Python\Python313\Lib\site-packages\colorama\ansitowin32.py", line 177, in write
    self.write_and_convert(text)
    ~~~~~~~~~~~~~~~~~~~~~~^^^^^^
  File "C:\Users\Alejandro\AppData\Local\Programs\Python\Python313\Lib\site-packages\colorama\ansitowin32.py", line 205, in write_and_convert
    self.write_plain_text(text, cursor, len(text))
    ~~~~~~~~~~~~~~~~~~~~~^^^^^^^^^^^^^^^^^^^^^^^^^
  File "C:\Users\Alejandro\AppData\Local\Programs\Python\Python313\Lib\site-packages\colorama\ansitowin32.py", line 210, in write_plain_text
    self.wrapped.write(text[start:end])
    ~~~~~~~~~~~~~~~~~~^^^^^^^^^^^^^^^^^
  File "C:\Users\Alejandro\AppData\Local\Programs\Python\Python313\Lib\encodings\cp1252.py", line 19, in encode
    return codecs.charmap_encode(input,self.errors,encoding_table)[0]
           ~~~~~~~~~~~~~~~~~~~~~^^^^^^^^^^^^^^^^^^^^^^^^^^^^^^^^^^
UnicodeEncodeError: 'charmap' codec can't encode character '\u2192' in position 2: character maps to <undefined>
^C^C